[31mvoid DBusMenuImporter::slotGetLayoutFinished(QDBusPendingCallWatcher*)[0m: "No such interface 'com.canonical.dbusmenu' on object at path /org/ayatana/bamf/window/58720379"
QCoreApplication::postEvent: Unexpected null receiver
[31mvoid DBusMenuImporter::slotGetLayoutFinished(QDBusPendingCallWatcher*)[0m: "No such interface 'com.canonical.dbusmenu' on object at path /org/ayatana/bamf/window/71303178"
[31mvoid DBusMenuImporter::slotGetLayoutFinished(QDBusPendingCallWatcher*)[0m: "No such interface 'com.canonical.dbusmenu' on object at path /org/ayatana/bamf/window/39846240"
[31mvoid DBusMenuImporter::slotGetLayoutFinished(QDBusPendingCallWatcher*)[0m: "No such interface 'com.canonical.dbusmenu' on object at path /com/canonical/menu/420003E"
[31mvoid DBusMenuImporter::slotGetLayoutFinished(QDBusPendingCallWatcher*)[0m: "No such interface 'com.canonical.dbusmenu' on object at path /com/canonical/menu/420003E"
[31mvoid DBusMenuImporter::slotGetLayoutFinished(QDBusPendingCallWatcher*)[0m: "No such interface 'com.canonical.dbusmenu' on object at path /com/canonical/menu/420003E"
[31mvoid DBusMenuImporter::slotGetLayoutFinished(QDBusPendingCallWatcher*)[0m: "No such interface 'com.canonical.dbusmenu' on object at path /com/canonical/menu/420003E"
[31mvoid DBusMenuImporter::slotGetLayoutFinished(QDBusPendingCallWatcher*)[0m: "No such interface 'com.canonical.dbusmenu' on object at path /com/canonical/menu/420003E"
[31mvoid DBusMenuImporter::slotGetLayoutFinished(QDBusPendingCallWatcher*)[0m: "No such interface 'com.canonical.dbusmenu' on object at path /com/canonical/menu/420003E"
[31mvoid DBusMenuImporter::slotGetLayoutFinished(QDBusPendingCallWatcher*)[0m: "No such interface 'com.canonical.dbusmenu' on object at path /com/canonical/menu/420003E"
[31mvoid DBusMenuImporter::slotGetLayoutFinished(QDBusPendingCallWatcher*)[0m: "No such interface 'com.canonical.dbusmenu' on object at path /org/ayatana/bamf/window/60817932"
[31mvoid DBusMenuImporter::slotGetLayoutFinished(QDBusPendingCallWatcher*)[0m: "No such interface 'com.canonical.dbusmenu' on object at path /org/ayatana/bamf/window/39848495"
[31mvoid DBusMenuImporter::slotGetLayoutFinished(QDBusPendingCallWatcher*)[0m: "No such interface 'com.canonical.dbusmenu' on object at path /com/canonical/menu/42000CA"
[31mvoid DBusMenuImporter::slotGetLayoutFinished(QDBusPendingCallWatcher*)[0m: "No such interface 'com.canonical.dbusmenu' on object at path /com/canonical/menu/42000CE"
[31mvoid DBusMenuImporter::slotGetLayoutFinished(QDBusPendingCallWatcher*)[0m: "No such interface 'com.canonical.dbusmenu' on object at path /org/ayatana/bamf/window/65011844"
[31mvoid DBusMenuImporter::slotGetLayoutFinished(QDBusPendingCallWatcher*)[0m: "No such interface 'com.canonical.dbusmenu' on object at path /com/canonical/menu/42000D7"
[31mvoid DBusMenuImporter::slotGetLayoutFinished(QDBusPendingCallWatcher*)[0m: "No such interface 'com.canonical.dbusmenu' on object at path /org/ayatana/bamf/window/65011844"
[31mvoid DBusMenuImporter::slotGetLayoutFinished(QDBusPendingCallWatcher*)[0m: "No such interface 'com.canonical.dbusmenu' on object at path /com/canonical/menu/42000F8"
[31mvoid DBusMenuImporter::slotGetLayoutFinished(QDBusPendingCallWatcher*)[0m: "No such interface 'com.canonical.dbusmenu' on object at path /com/canonical/menu/42000F8"
[31mvoid DBusMenuImporter::slotGetLayoutFinished(QDBusPendingCallWatcher*)[0m: "No such interface 'com.canonical.dbusmenu' on object at path /com/canonical/menu/42000F8"
[31mvoid DBusMenuImporter::slotGetLayoutFinished(QDBusPendingCallWatcher*)[0m: "No such interface 'com.canonical.dbusmenu' on object at path /com/canonical/menu/42000F8"
[31mvoid DBusMenuImporter::slotGetLayoutFinished(QDBusPendingCallWatcher*)[0m: "No such interface 'com.canonical.dbusmenu' on object at path /com/canonical/menu/42000F8"
[31mvoid DBusMenuImporter::slotGetLayoutFinished(QDBusPendingCallWatcher*)[0m: "No such interface 'com.canonical.dbusmenu' on object at path /com/canonical/menu/42000F8"
[31mvoid DBusMenuImporter::slotGetLayoutFinished(QDBusPendingCallWatcher*)[0m: "No such interface 'com.canonical.dbusmenu' on object at path /com/canonical/menu/42000F8"
